[1.748s] Invoking command in '/home/user/webotsRA/ros2_ws/src/my_package': PYTHONPATH=/home/user/webotsRA/ros2_ws/src/build/my_package/prefix_override:/home/user/webotsRA/ros2_ws/src/install/my_package/lib/python3.8/site-packages:${PYTHONPATH} /usr/bin/python3 setup.py egg_info --egg-base ../build/my_package build --build-base /home/user/webotsRA/ros2_ws/src/build/my_package/build install --record /home/user/webotsRA/ros2_ws/src/build/my_package/install.log --single-version-externally-managed
[1.980s] running egg_info
[1.981s] creating ../build/my_package/my_package.egg-info
[1.981s] writing ../build/my_package/my_package.egg-info/PKG-INFO
[1.981s] writing dependency_links to ../build/my_package/my_package.egg-info/dependency_links.txt
[1.981s] writing entry points to ../build/my_package/my_package.egg-info/entry_points.txt
[1.981s] writing requirements to ../build/my_package/my_package.egg-info/requires.txt
[1.981s] writing top-level names to ../build/my_package/my_package.egg-info/top_level.txt
[2.053s] writing manifest file '../build/my_package/my_package.egg-info/SOURCES.txt'
[2.084s] reading manifest file '../build/my_package/my_package.egg-info/SOURCES.txt'
[2.084s] writing manifest file '../build/my_package/my_package.egg-info/SOURCES.txt'
[2.085s] running build
[2.085s] running build_py
[2.085s] creating /home/user/webotsRA/ros2_ws/src/build/my_package/build
[2.085s] creating /home/user/webotsRA/ros2_ws/src/build/my_package/build/lib
[2.085s] creating /home/user/webotsRA/ros2_ws/src/build/my_package/build/lib/my_package
[2.085s] copying my_package/__init__.py -> /home/user/webotsRA/ros2_ws/src/build/my_package/build/lib/my_package
[2.085s] copying my_package/my_robot_driver.py -> /home/user/webotsRA/ros2_ws/src/build/my_package/build/lib/my_package
[2.085s] running install
[2.086s] running install_lib
[2.086s] creating /home/user/webotsRA/ros2_ws/src/install/my_package/lib/python3.8/site-packages/my_package
[2.087s] copying /home/user/webotsRA/ros2_ws/src/build/my_package/build/lib/my_package/__init__.py -> /home/user/webotsRA/ros2_ws/src/install/my_package/lib/python3.8/site-packages/my_package
[2.087s] copying /home/user/webotsRA/ros2_ws/src/build/my_package/build/lib/my_package/my_robot_driver.py -> /home/user/webotsRA/ros2_ws/src/install/my_package/lib/python3.8/site-packages/my_package
[2.087s] byte-compiling /home/user/webotsRA/ros2_ws/src/install/my_package/lib/python3.8/site-packages/my_package/__init__.py to __init__.cpython-38.pyc
[2.088s] byte-compiling /home/user/webotsRA/ros2_ws/src/install/my_package/lib/python3.8/site-packages/my_package/my_robot_driver.py to my_robot_driver.cpython-38.pyc
[2.089s] running install_data
[2.089s] creating /home/user/webotsRA/ros2_ws/src/install/my_package/share/ament_index
[2.089s] creating /home/user/webotsRA/ros2_ws/src/install/my_package/share/ament_index/resource_index
[2.089s] creating /home/user/webotsRA/ros2_ws/src/install/my_package/share/ament_index/resource_index/packages
[2.090s] copying resource/my_package -> /home/user/webotsRA/ros2_ws/src/install/my_package/share/ament_index/resource_index/packages
[2.090s] creating /home/user/webotsRA/ros2_ws/src/install/my_package/share/my_package/launch
[2.090s] copying launch/robot_launch.py -> /home/user/webotsRA/ros2_ws/src/install/my_package/share/my_package/launch
[2.090s] creating /home/user/webotsRA/ros2_ws/src/install/my_package/share/my_package/worlds
[2.090s] copying worlds/my_world.wbt -> /home/user/webotsRA/ros2_ws/src/install/my_package/share/my_package/worlds
[2.090s] creating /home/user/webotsRA/ros2_ws/src/install/my_package/share/my_package/resource
[2.090s] copying resource/my_robot.urdf -> /home/user/webotsRA/ros2_ws/src/install/my_package/share/my_package/resource
[2.090s] copying package.xml -> /home/user/webotsRA/ros2_ws/src/install/my_package/share/my_package
[2.090s] running install_egg_info
[2.092s] Copying ../build/my_package/my_package.egg-info to /home/user/webotsRA/ros2_ws/src/install/my_package/lib/python3.8/site-packages/my_package-0.0.0-py3.8.egg-info
[2.093s] running install_scripts
[2.108s] Installing my_robot_driver script to /home/user/webotsRA/ros2_ws/src/install/my_package/lib/my_package
[2.108s] writing list of installed files to '/home/user/webotsRA/ros2_ws/src/build/my_package/install.log'
[2.131s] Invoked command in '/home/user/webotsRA/ros2_ws/src/my_package' returned '0': PYTHONPATH=/home/user/webotsRA/ros2_ws/src/build/my_package/prefix_override:/home/user/webotsRA/ros2_ws/src/install/my_package/lib/python3.8/site-packages:${PYTHONPATH} /usr/bin/python3 setup.py egg_info --egg-base ../build/my_package build --build-base /home/user/webotsRA/ros2_ws/src/build/my_package/build install --record /home/user/webotsRA/ros2_ws/src/build/my_package/install.log --single-version-externally-managed
