[2.597s] Invoking command in '/home/user/webotsRA/ros2_ws/src/my_package': PYTHONPATH=/home/user/webotsRA/ros2_ws/src/build/my_package/prefix_override:/home/user/webotsRA/ros2_ws/src/install/my_package/lib/python3.8/site-packages:${PYTHONPATH} /usr/bin/python3 setup.py egg_info --egg-base ../build/my_package build --build-base /home/user/webotsRA/ros2_ws/src/build/my_package/build install --record /home/user/webotsRA/ros2_ws/src/build/my_package/install.log --single-version-externally-managed
[2.834s] running egg_info
[2.834s] writing ../build/my_package/my_package.egg-info/PKG-INFO
[2.835s] writing dependency_links to ../build/my_package/my_package.egg-info/dependency_links.txt
[2.835s] writing entry points to ../build/my_package/my_package.egg-info/entry_points.txt
[2.835s] writing requirements to ../build/my_package/my_package.egg-info/requires.txt
[2.835s] writing top-level names to ../build/my_package/my_package.egg-info/top_level.txt
[2.946s] reading manifest file '../build/my_package/my_package.egg-info/SOURCES.txt'
[2.970s] writing manifest file '../build/my_package/my_package.egg-info/SOURCES.txt'
[2.971s] running build
[2.971s] running build_py
[2.971s] running install
[2.972s] running install_lib
[2.973s] running install_data
[2.973s] copying launch/robot_launch.py -> /home/user/webotsRA/ros2_ws/src/install/my_package/share/my_package/launch
[2.998s] running install_egg_info
[3.000s] removing '/home/user/webotsRA/ros2_ws/src/install/my_package/lib/python3.8/site-packages/my_package-0.0.0-py3.8.egg-info' (and everything under it)
[3.000s] Copying ../build/my_package/my_package.egg-info to /home/user/webotsRA/ros2_ws/src/install/my_package/lib/python3.8/site-packages/my_package-0.0.0-py3.8.egg-info
[3.016s] running install_scripts
[3.033s] Installing my_robot_driver script to /home/user/webotsRA/ros2_ws/src/install/my_package/lib/my_package
[3.033s] writing list of installed files to '/home/user/webotsRA/ros2_ws/src/build/my_package/install.log'
[3.058s] Invoked command in '/home/user/webotsRA/ros2_ws/src/my_package' returned '0': PYTHONPATH=/home/user/webotsRA/ros2_ws/src/build/my_package/prefix_override:/home/user/webotsRA/ros2_ws/src/install/my_package/lib/python3.8/site-packages:${PYTHONPATH} /usr/bin/python3 setup.py egg_info --egg-base ../build/my_package build --build-base /home/user/webotsRA/ros2_ws/src/build/my_package/build install --record /home/user/webotsRA/ros2_ws/src/build/my_package/install.log --single-version-externally-managed
