[1.189s] DEBUG:colcon:Command line arguments: ['/usr/bin/colcon', 'build']
[1.189s] DEBUG:colcon:Parsed command line arguments: Namespace(allow_overriding=[], ament_cmake_args=None, base_paths=['.'], build_base='build', catkin_cmake_args=None, catkin_skip_building_tests=False, cmake_args=None, cmake_clean_cache=False, cmake_clean_first=False, cmake_force_configure=False, cmake_target=None, cmake_target_skip_unavailable=False, continue_on_error=False, event_handlers=None, executor='parallel', ignore_user_meta=False, install_base='install', log_base=None, log_level=None, main=<bound method BuildVerb.main of <colcon_core.verb.build.BuildVerb object at 0x7f80cd0d1310>>, merge_install=False, metas=['./colcon.meta'], packages_above=None, packages_above_and_dependencies=None, packages_above_depth=None, packages_end=None, packages_ignore=None, packages_ignore_regex=None, packages_select=None, packages_select_build_failed=False, packages_select_by_dep=None, packages_select_regex=None, packages_select_test_failures=False, packages_skip=None, packages_skip_build_finished=False, packages_skip_by_dep=None, packages_skip_regex=None, packages_skip_test_passed=False, packages_skip_up_to=None, packages_start=None, packages_up_to=None, packages_up_to_regex=None, parallel_workers=8, paths=None, symlink_install=False, test_result_base=None, verb_extension=<colcon_core.verb.build.BuildVerb object at 0x7f80cd0d1310>, verb_name='build', verb_parser=<colcon_defaults.argument_parser.defaults.DefaultArgumentsDecorator object at 0x7f80cd0d1850>)
[1.431s] Level 1:colcon.colcon_core.package_discovery:discover_packages(colcon_meta) check parameters
[1.431s] Level 1:colcon.colcon_core.package_discovery:discover_packages(recursive) check parameters
[1.431s] Level 1:colcon.colcon_core.package_discovery:discover_packages(ignore) check parameters
[1.431s] Level 1:colcon.colcon_core.package_discovery:discover_packages(path) check parameters
[1.431s] Level 1:colcon.colcon_core.package_discovery:discover_packages(colcon_meta) discover
[1.431s] Level 1:colcon.colcon_core.package_discovery:discover_packages(recursive) discover
[1.431s] INFO:colcon.colcon_core.package_discovery:Crawling recursively for packages in '/home/user/webotsRA/ros2_ws/src'
[1.431s] Level 1:colcon.colcon_core.package_identification:_identify(.) by extensions ['ignore', 'ignore_ament_install']
[1.431s] Level 1:colcon.colcon_core.package_identification:_identify(.) by extension 'ignore'
[1.431s] Level 1:colcon.colcon_core.package_identification:_identify(.) by extension 'ignore_ament_install'
[1.431s] Level 1:colcon.colcon_core.package_identification:_identify(.) by extensions ['colcon_pkg']
[1.431s] Level 1:colcon.colcon_core.package_identification:_identify(.) by extension 'colcon_pkg'
[1.432s] Level 1:colcon.colcon_core.package_identification:_identify(.) by extensions ['colcon_meta']
[1.432s] Level 1:colcon.colcon_core.package_identification:_identify(.) by extension 'colcon_meta'
[1.432s] Level 1:colcon.colcon_core.package_identification:_identify(.) by extensions ['ros']
[1.432s] Level 1:colcon.colcon_core.package_identification:_identify(.) by extension 'ros'
[1.509s] Level 1:colcon.colcon_core.package_identification:_identify(.) by extensions ['cmake', 'python']
[1.509s] Level 1:colcon.colcon_core.package_identification:_identify(.) by extension 'cmake'
[1.509s] Level 1:colcon.colcon_core.package_identification:_identify(.) by extension 'python'
[1.509s] Level 1:colcon.colcon_core.package_identification:_identify(.) by extensions ['python_setup_py']
[1.509s] Level 1:colcon.colcon_core.package_identification:_identify(.) by extension 'python_setup_py'
[1.509s] Level 1:colcon.colcon_core.package_identification:_identify(build) by extensions ['ignore', 'ignore_ament_install']
[1.510s] Level 1:colcon.colcon_core.package_identification:_identify(build) by extension 'ignore'
[1.510s] Level 1:colcon.colcon_core.package_identification:_identify(build) ignored
[1.510s] Level 1:colcon.colcon_core.package_identification:_identify(install) by extensions ['ignore', 'ignore_ament_install']
[1.510s] Level 1:colcon.colcon_core.package_identification:_identify(install) by extension 'ignore'
[1.510s] Level 1:colcon.colcon_core.package_identification:_identify(install) ignored
[1.510s] Level 1:colcon.colcon_core.package_identification:_identify(log) by extensions ['ignore', 'ignore_ament_install']
[1.510s] Level 1:colcon.colcon_core.package_identification:_identify(log) by extension 'ignore'
[1.510s] Level 1:colcon.colcon_core.package_identification:_identify(log) ignored
[1.510s] Level 1:colcon.colcon_core.package_identification:_identify(my_package) by extensions ['ignore', 'ignore_ament_install']
[1.510s] Level 1:colcon.colcon_core.package_identification:_identify(my_package) by extension 'ignore'
[1.510s] Level 1:colcon.colcon_core.package_identification:_identify(my_package) by extension 'ignore_ament_install'
[1.510s] Level 1:colcon.colcon_core.package_identification:_identify(my_package) by extensions ['colcon_pkg']
[1.510s] Level 1:colcon.colcon_core.package_identification:_identify(my_package) by extension 'colcon_pkg'
[1.510s] Level 1:colcon.colcon_core.package_identification:_identify(my_package) by extensions ['colcon_meta']
[1.511s] Level 1:colcon.colcon_core.package_identification:_identify(my_package) by extension 'colcon_meta'
[1.511s] Level 1:colcon.colcon_core.package_identification:_identify(my_package) by extensions ['ros']
[1.511s] Level 1:colcon.colcon_core.package_identification:_identify(my_package) by extension 'ros'
[1.539s] DEBUG:colcon.colcon_core.package_identification:Package 'my_package' with type 'ros.ament_python' and name 'my_package'
[1.539s] Level 1:colcon.colcon_core.package_discovery:discover_packages(recursive) using defaults
[1.539s] Level 1:colcon.colcon_core.package_discovery:discover_packages(ignore) discover
[1.539s] Level 1:colcon.colcon_core.package_discovery:discover_packages(ignore) using defaults
[1.539s] Level 1:colcon.colcon_core.package_discovery:discover_packages(path) discover
[1.539s] Level 1:colcon.colcon_core.package_discovery:discover_packages(path) using defaults
[1.748s] Level 1:colcon.colcon_core.package_discovery:discover_packages(prefix_path) check parameters
[1.748s] Level 1:colcon.colcon_core.package_discovery:discover_packages(prefix_path) discover
[1.752s] DEBUG:colcon.colcon_installed_package_information.package_discovery:Found 261 installed packages in /opt/ros/foxy
[1.754s] Level 1:colcon.colcon_core.package_discovery:discover_packages(prefix_path) using defaults
[1.856s] Level 5:colcon.colcon_core.verb:set package 'my_package' build argument 'cmake_args' from command line to 'None'
[1.856s] Level 5:colcon.colcon_core.verb:set package 'my_package' build argument 'cmake_target' from command line to 'None'
[1.856s] Level 5:colcon.colcon_core.verb:set package 'my_package' build argument 'cmake_target_skip_unavailable' from command line to 'False'
[1.856s] Level 5:colcon.colcon_core.verb:set package 'my_package' build argument 'cmake_clean_cache' from command line to 'False'
[1.856s] Level 5:colcon.colcon_core.verb:set package 'my_package' build argument 'cmake_clean_first' from command line to 'False'
[1.856s] Level 5:colcon.colcon_core.verb:set package 'my_package' build argument 'cmake_force_configure' from command line to 'False'
[1.856s] Level 5:colcon.colcon_core.verb:set package 'my_package' build argument 'ament_cmake_args' from command line to 'None'
[1.856s] Level 5:colcon.colcon_core.verb:set package 'my_package' build argument 'catkin_cmake_args' from command line to 'None'
[1.856s] Level 5:colcon.colcon_core.verb:set package 'my_package' build argument 'catkin_skip_building_tests' from command line to 'False'
[1.856s] DEBUG:colcon.colcon_core.verb:Building package 'my_package' with the following arguments: {'ament_cmake_args': None, 'build_base': '/home/user/webotsRA/ros2_ws/src/build/my_package', 'catkin_cmake_args': None, 'catkin_skip_building_tests': False, 'cmake_args': None, 'cmake_clean_cache': False, 'cmake_clean_first': False, 'cmake_force_configure': False, 'cmake_target': None, 'cmake_target_skip_unavailable': False, 'install_base': '/home/user/webotsRA/ros2_ws/src/install/my_package', 'merge_install': False, 'path': '/home/user/webotsRA/ros2_ws/src/my_package', 'symlink_install': False, 'test_result_base': None}
[1.857s] INFO:colcon.colcon_core.executor:Executing jobs using 'parallel' executor
[1.861s] DEBUG:colcon.colcon_parallel_executor.executor.parallel:run_until_complete
[1.862s] INFO:colcon.colcon_ros.task.ament_python.build:Building ROS package in '/home/user/webotsRA/ros2_ws/src/my_package' with build type 'ament_python'
[1.862s] Level 1:colcon.colcon_core.shell:create_environment_hook('my_package', 'ament_prefix_path')
[1.945s] INFO:colcon.colcon_core.plugin_system:Skipping extension 'colcon_core.shell.bat': Not used on non-Windows systems
[1.946s] INFO:colcon.colcon_core.shell:Creating environment hook '/home/user/webotsRA/ros2_ws/src/install/my_package/share/my_package/hook/ament_prefix_path.ps1'
[1.951s] INFO:colcon.colcon_core.shell:Creating environment descriptor '/home/user/webotsRA/ros2_ws/src/install/my_package/share/my_package/hook/ament_prefix_path.dsv'
[1.962s] INFO:colcon.colcon_core.shell:Creating environment hook '/home/user/webotsRA/ros2_ws/src/install/my_package/share/my_package/hook/ament_prefix_path.sh'
[1.964s] INFO:colcon.colcon_core.shell:Skip shell extension 'powershell' for command environment: Not usable outside of PowerShell
[1.964s] DEBUG:colcon.colcon_core.shell:Skip shell extension 'dsv' for command environment
[2.227s] INFO:colcon.colcon_core.task.python.build:Building Python package in '/home/user/webotsRA/ros2_ws/src/my_package'
[2.229s] INFO:colcon.colcon_core.shell:Skip shell extension 'powershell' for command environment: Not usable outside of PowerShell
[2.229s] DEBUG:colcon.colcon_core.shell:Skip shell extension 'dsv' for command environment
[4.459s] DEBUG:colcon.colcon_core.event_handler.log_command:Invoking command in '/home/user/webotsRA/ros2_ws/src/my_package': PYTHONPATH=/home/user/webotsRA/ros2_ws/src/build/my_package/prefix_override:/home/user/webotsRA/ros2_ws/src/install/my_package/lib/python3.8/site-packages:${PYTHONPATH} /usr/bin/python3 setup.py egg_info --egg-base ../build/my_package build --build-base /home/user/webotsRA/ros2_ws/src/build/my_package/build install --record /home/user/webotsRA/ros2_ws/src/build/my_package/install.log --single-version-externally-managed
[4.920s] DEBUG:colcon.colcon_core.event_handler.log_command:Invoked command in '/home/user/webotsRA/ros2_ws/src/my_package' returned '0': PYTHONPATH=/home/user/webotsRA/ros2_ws/src/build/my_package/prefix_override:/home/user/webotsRA/ros2_ws/src/install/my_package/lib/python3.8/site-packages:${PYTHONPATH} /usr/bin/python3 setup.py egg_info --egg-base ../build/my_package build --build-base /home/user/webotsRA/ros2_ws/src/build/my_package/build install --record /home/user/webotsRA/ros2_ws/src/build/my_package/install.log --single-version-externally-managed
[4.985s] Level 1:colcon.colcon_core.environment:checking '/home/user/webotsRA/ros2_ws/src/install/my_package' for CMake module files
[4.985s] Level 1:colcon.colcon_core.environment:checking '/home/user/webotsRA/ros2_ws/src/install/my_package' for CMake config files
[4.986s] Level 1:colcon.colcon_core.environment:checking '/home/user/webotsRA/ros2_ws/src/install/my_package/lib'
[4.986s] Level 1:colcon.colcon_core.environment:checking '/home/user/webotsRA/ros2_ws/src/install/my_package/bin'
[4.986s] Level 1:colcon.colcon_core.environment:checking '/home/user/webotsRA/ros2_ws/src/install/my_package/lib/pkgconfig/my_package.pc'
[4.987s] Level 1:colcon.colcon_core.environment:checking '/home/user/webotsRA/ros2_ws/src/install/my_package/lib/python3.8/site-packages'
[4.987s] Level 1:colcon.colcon_core.shell:create_environment_hook('my_package', 'pythonpath')
[4.988s] INFO:colcon.colcon_core.shell:Creating environment hook '/home/user/webotsRA/ros2_ws/src/install/my_package/share/my_package/hook/pythonpath.ps1'
[4.989s] INFO:colcon.colcon_core.shell:Creating environment descriptor '/home/user/webotsRA/ros2_ws/src/install/my_package/share/my_package/hook/pythonpath.dsv'
[4.989s] INFO:colcon.colcon_core.shell:Creating environment hook '/home/user/webotsRA/ros2_ws/src/install/my_package/share/my_package/hook/pythonpath.sh'
[4.990s] Level 1:colcon.colcon_core.environment:checking '/home/user/webotsRA/ros2_ws/src/install/my_package/bin'
[4.990s] Level 1:colcon.colcon_core.environment:create_environment_scripts_only(my_package)
[4.991s] INFO:colcon.colcon_core.shell:Creating package script '/home/user/webotsRA/ros2_ws/src/install/my_package/share/my_package/package.ps1'
[5.001s] INFO:colcon.colcon_core.shell:Creating package descriptor '/home/user/webotsRA/ros2_ws/src/install/my_package/share/my_package/package.dsv'
[5.012s] INFO:colcon.colcon_core.shell:Creating package script '/home/user/webotsRA/ros2_ws/src/install/my_package/share/my_package/package.sh'
[5.013s] INFO:colcon.colcon_core.shell:Creating package script '/home/user/webotsRA/ros2_ws/src/install/my_package/share/my_package/package.bash'
[5.034s] INFO:colcon.colcon_core.shell:Creating package script '/home/user/webotsRA/ros2_ws/src/install/my_package/share/my_package/package.zsh'
[5.047s] Level 1:colcon.colcon_core.environment:create_file_with_runtime_dependencies(/home/user/webotsRA/ros2_ws/src/install/my_package/share/colcon-core/packages/my_package)
[5.048s] DEBUG:colcon.colcon_parallel_executor.executor.parallel:closing loop
[5.048s] DEBUG:colcon.colcon_parallel_executor.executor.parallel:loop closed
[5.048s] DEBUG:colcon.colcon_parallel_executor.executor.parallel:run_until_complete finished with '0'
[5.048s] DEBUG:colcon.colcon_core.event_reactor:joining thread
[5.119s] INFO:colcon.colcon_core.plugin_system:Skipping extension 'colcon_notification.desktop_notification.terminal_notifier': Not used on non-Darwin systems
[5.119s] INFO:colcon.colcon_core.plugin_system:Skipping extension 'colcon_notification.desktop_notification.win32': Not used on non-Windows systems
[5.119s] INFO:colcon.colcon_notification.desktop_notification:Sending desktop notification using 'notify2'
[5.221s] DEBUG:colcon.colcon_core.event_reactor:joined thread
[5.222s] INFO:colcon.colcon_core.shell:Creating prefix script '/home/user/webotsRA/ros2_ws/src/install/local_setup.ps1'
[5.223s] INFO:colcon.colcon_core.shell:Creating prefix util module '/home/user/webotsRA/ros2_ws/src/install/_local_setup_util_ps1.py'
[5.225s] INFO:colcon.colcon_core.shell:Creating prefix chain script '/home/user/webotsRA/ros2_ws/src/install/setup.ps1'
[5.226s] INFO:colcon.colcon_core.shell:Creating prefix script '/home/user/webotsRA/ros2_ws/src/install/local_setup.sh'
[5.227s] INFO:colcon.colcon_core.shell:Creating prefix util module '/home/user/webotsRA/ros2_ws/src/install/_local_setup_util_sh.py'
[5.228s] INFO:colcon.colcon_core.shell:Creating prefix chain script '/home/user/webotsRA/ros2_ws/src/install/setup.sh'
[5.230s] INFO:colcon.colcon_core.shell:Creating prefix script '/home/user/webotsRA/ros2_ws/src/install/local_setup.bash'
[5.230s] INFO:colcon.colcon_core.shell:Creating prefix chain script '/home/user/webotsRA/ros2_ws/src/install/setup.bash'
[5.232s] INFO:colcon.colcon_core.shell:Creating prefix script '/home/user/webotsRA/ros2_ws/src/install/local_setup.zsh'
[5.232s] INFO:colcon.colcon_core.shell:Creating prefix chain script '/home/user/webotsRA/ros2_ws/src/install/setup.zsh'
